This is XeTeX, Version 3.141592653-2.6-0.999996 (MiKTeX 24.3) (preloaded format=xelatex 2024.5.17)  30 MAY 2024 21:35
entering extended mode
 restricted \write18 enabled.
 %&-line parsing enabled.
**AEJ-Article.tex
(C:\Users\Sn\AppData\Local\Programs\MiKTeX\tex/latex/tools\X.tex
LaTeX2e <2023-11-01> patch level 1
L3 programming layer <2024-02-20>

! .
l.38   \batchmode \errmessage{}
                               \csname @@end\endcsname \end
This error message was generated by an \errmessage
command, so I can't give any explicit help.
Pretend that you're Hercule Poirot: Examine all clues,
and deduce the truth by order and method.

 ) 
Here is how much of TeX's memory you used:
 18 strings out of 409567
 338 string characters out of 5772821
 1917842 words of memory out of 5000000
 22247 multiletter control sequences out of 15000+600000
 558069 words of font info for 36 fonts, out of 8000000 for 9000
 1348 hyphenation exceptions out of 8191
 11i,0n,13p,95b,8s stack positions out of 10000i,1000n,20000p,200000b,200000s

No pages of output.
